0 info it worked if it ends with ok
1 verbose cli [ '/usr/local/Cellar/node/5.0.0/bin/node',
1 verbose cli   '/usr/local/bin/npm',
1 verbose cli   'run',
1 verbose cli   'docker-push' ]
2 info using npm@3.3.9
3 info using node@v5.0.0
4 verbose run-script [ 'predocker-push', 'docker-push', 'postdocker-push' ]
5 info lifecycle dronefly@1.0.0~predocker-push: dronefly@1.0.0
6 silly lifecycle dronefly@1.0.0~predocker-push: no script for predocker-push, continuing
7 info lifecycle dronefly@1.0.0~docker-push: dronefly@1.0.0
8 verbose lifecycle dronefly@1.0.0~docker-push: unsafe-perm in lifecycle true
9 verbose lifecycle dronefly@1.0.0~docker-push: PATH: /usr/local/lib/node_modules/npm/bin/node-gyp-bin:/Users/leedale/Documents/src/DroneFly/node_modules/.bin:/Users/leedale/.dnx/bin:~/npm-global/bin:/usr/local/bin:/usr/bin:/bin:/usr/sbin:/sbin:/usr/local/mongodb/bin
10 verbose lifecycle dronefly@1.0.0~docker-push: CWD: /Users/leedale/Documents/src/DroneFly
11 silly lifecycle dronefly@1.0.0~docker-push: Args: [ '-c', 'docker push leedale/dronefly:0.2' ]
12 silly lifecycle dronefly@1.0.0~docker-push: Returned: code: 1  signal: null
13 info lifecycle dronefly@1.0.0~docker-push: Failed to exec docker-push script
14 verbose stack Error: dronefly@1.0.0 docker-push: `docker push leedale/dronefly:0.2`
14 verbose stack Exit status 1
14 verbose stack     at EventEmitter.<anonymous> (/usr/local/lib/node_modules/npm/lib/utils/lifecycle.js:233:16)
14 verbose stack     at emitTwo (events.js:87:13)
14 verbose stack     at EventEmitter.emit (events.js:172:7)
14 verbose stack     at ChildProcess.<anonymous> (/usr/local/lib/node_modules/npm/lib/utils/spawn.js:24:14)
14 verbose stack     at emitTwo (events.js:87:13)
14 verbose stack     at ChildProcess.emit (events.js:172:7)
14 verbose stack     at maybeClose (internal/child_process.js:818:16)
14 verbose stack     at Process.ChildProcess._handle.onexit (internal/child_process.js:211:5)
15 verbose pkgid dronefly@1.0.0
16 verbose cwd /Users/leedale/Documents/src/DroneFly
17 error Darwin 16.4.0
18 error argv "/usr/local/Cellar/node/5.0.0/bin/node" "/usr/local/bin/npm" "run" "docker-push"
19 error node v5.0.0
20 error npm  v3.3.9
21 error code ELIFECYCLE
22 error dronefly@1.0.0 docker-push: `docker push leedale/dronefly:0.2`
22 error Exit status 1
23 error Failed at the dronefly@1.0.0 docker-push script 'docker push leedale/dronefly:0.2'.
23 error This is most likely a problem with the dronefly package,
23 error not with npm itself.
23 error Tell the author that this fails on your system:
23 error     docker push leedale/dronefly:0.2
23 error You can get their info via:
23 error     npm owner ls dronefly
23 error There is likely additional logging output above.
24 verbose exit [ 1, true ]
